# JRE version: Java(TM) SE Runtime Environment (21.0.7+8) (build 21.0.7+8-LTS-245)
# Java VM: Java HotSpot(TM) 64-Bit Server VM (21.0.7+8-LTS-245, mixed mode, sharing, tiered, compressed oops, compressed class ptrs, g1 gc, windows-amd64)
GC Precious Log:
 CardTable entry size: 512
 Card Set container configuration: InlinePtr #cards 5 size 8 Array Of Cards #cards 12 size 40 Howl #buckets 4 coarsen threshold 1843 Howl Bitmap #cards 512 size 80 coarsen threshold 460 Card regions per heap region 1 cards per card region 2048
 CPUs: 4 total, 4 available
 Memory: 8105M
 Large Page Support: Disabled
 NUMA Support: Disabled
 Compressed Oops: Enabled (32-bit)
 Heap Region Size: 1M
 Heap Min Capacity: 8M
 Heap Initial Capacity: 128M
 Heap Max Capacity: 2G
 Pre-touch: Disabled
 Parallel Workers: 4
 Concurrent Workers: 1
 Concurrent Refinement Workers: 4
 Periodic GC: Disabled
Heap:
 garbage-first heap   total 110592K, used 63652K [0x0000000080000000, 0x0000000100000000)
  region size 1024K, 21 young (21504K), 5 survivors (5120K)
 Metaspace       used 63065K, committed 65024K, reserved 1114112K
  class space    used 8800K, committed 9792K, reserved 1048576K
GC Heap History (20 events):
Event: 6.316 GC heap before
{Heap before GC invocations=4 (full 0):
 garbage-first heap   total 131072K, used 43286K [0x0000000080000000, 0x0000000100000000)
  region size 1024K, 26 young (26624K), 5 survivors (5120K)
 Metaspace       used 20901K, committed 21504K, reserved 1114112K
  class space    used 2995K, committed 3264K, reserved 1048576K
}
Event: 6.323 GC heap after
{Heap after GC invocations=5 (full 0):
 garbage-first heap   total 131072K, used 24573K [0x0000000080000000, 0x0000000100000000)
  region size 1024K, 7 young (7168K), 7 survivors (7168K)
 Metaspace       used 20901K, committed 21504K, reserved 1114112K
  class space    used 2995K, committed 3264K, reserved 1048576K
}
Event: 7.803 GC heap before
{Heap before GC invocations=6 (full 0):
 garbage-first heap   total 92160K, used 72701K [0x0000000080000000, 0x0000000100000000)
  region size 1024K, 54 young (55296K), 7 survivors (7168K)
 Metaspace       used 27491K, committed 28480K, reserved 1114112K
  class space    used 4066K, committed 4544K, reserved 1048576K
}
Event: 7.815 GC heap after
{Heap after GC invocations=7 (full 0):
 garbage-first heap   total 92160K, used 27660K [0x0000000080000000, 0x0000000100000000)
  region size 1024K, 5 young (5120K), 5 survivors (5120K)
 Metaspace       used 27491K, committed 28480K, reserved 1114112K
  class space    used 4066K, committed 4544K, reserved 1048576K
}
Event: 9.146 GC heap before
{Heap before GC invocations=7 (full 0):
 garbage-first heap   total 92160K, used 76812K [0x0000000080000000, 0x0000000100000000)
  region size 1024K, 54 young (55296K), 5 survivors (5120K)
 Metaspace       used 33620K, committed 34688K, reserved 1114112K
  class space    used 4711K, committed 5248K, reserved 1048576K
}
Event: 9.157 GC heap after
{Heap after GC invocations=8 (full 0):
 garbage-first heap   total 92160K, used 32216K [0x0000000080000000, 0x0000000100000000)
  region size 1024K, 7 young (7168K), 7 survivors (7168K)
 Metaspace       used 33620K, committed 34688K, reserved 1114112K
  class space    used 4711K, committed 5248K, reserved 1048576K
}
Event: 9.444 GC heap before
{Heap before GC invocations=8 (full 0):
 garbage-first heap   total 92160K, used 44504K [0x0000000080000000, 0x0000000100000000)
  region size 1024K, 16 young (16384K), 7 survivors (7168K)
 Metaspace       used 35173K, committed 36160K, reserved 1114112K
  class space    used 4804K, committed 5312K, reserved 1048576K
}
Event: 9.456 GC heap after
{Heap after GC invocations=9 (full 0):
 garbage-first heap   total 92160K, used 34284K [0x0000000080000000, 0x0000000100000000)
  region size 1024K, 2 young (2048K), 2 survivors (2048K)
 Metaspace       used 35173K, committed 36160K, reserved 1114112K
  class space    used 4804K, committed 5312K, reserved 1048576K
}
Event: 10.672 GC heap before
{Heap before GC invocations=10 (full 0):
 garbage-first heap   total 92160K, used 77292K [0x0000000080000000, 0x0000000100000000)
  region size 1024K, 44 young (45056K), 2 survivors (2048K)
 Metaspace       used 40023K, committed 41472K, reserved 1114112K
  class space    used 5618K, committed 6336K, reserved 1048576K
}
Event: 10.677 GC heap after
{Heap after GC invocations=11 (full 0):
 garbage-first heap   total 92160K, used 36148K [0x0000000080000000, 0x0000000100000000)
  region size 1024K, 4 young (4096K), 4 survivors (4096K)
 Metaspace       used 40023K, committed 41472K, reserved 1114112K
  class space    used 5618K, committed 6336K, reserved 1048576K
}
Event: 12.249 GC heap before
{Heap before GC invocations=11 (full 0):
 garbage-first heap   total 92160K, used 80180K [0x0000000080000000, 0x0000000100000000)
  region size 1024K, 46 young (47104K), 4 survivors (4096K)
 Metaspace       used 44227K, committed 45760K, reserved 1114112K
  class space    used 6268K, committed 7040K, reserved 1048576K
}
Event: 12.259 GC heap after
{Heap after GC invocations=12 (full 0):
 garbage-first heap   total 92160K, used 42561K [0x0000000080000000, 0x0000000100000000)
  region size 1024K, 6 young (6144K), 6 survivors (6144K)
 Metaspace       used 44227K, committed 45760K, reserved 1114112K
  class space    used 6268K, committed 7040K, reserved 1048576K
}
Event: 12.724 GC heap before
{Heap before GC invocations=12 (full 0):
 garbage-first heap   total 92160K, used 80449K [0x0000000080000000, 0x0000000100000000)
  region size 1024K, 42 young (43008K), 6 survivors (6144K)
 Metaspace       used 46173K, committed 47744K, reserved 1114112K
  class space    used 6440K, committed 7232K, reserved 1048576K
}
Event: 12.733 GC heap after
{Heap after GC invocations=13 (full 0):
 garbage-first heap   total 92160K, used 44691K [0x0000000080000000, 0x0000000100000000)
  region size 1024K, 2 young (2048K), 2 survivors (2048K)
 Metaspace       used 46173K, committed 47744K, reserved 1114112K
  class space    used 6440K, committed 7232K, reserved 1048576K
}
Event: 13.582 GC heap before
{Heap before GC invocations=13 (full 0):
 garbage-first heap   total 92160K, used 81555K [0x0000000080000000, 0x0000000100000000)
  region size 1024K, 38 young (38912K), 2 survivors (2048K)
 Metaspace       used 50807K, committed 52480K, reserved 1114112K
  class space    used 7076K, committed 7872K, reserved 1048576K
}
Event: 13.586 GC heap after
{Heap after GC invocations=14 (full 0):
 garbage-first heap   total 92160K, used 45712K [0x0000000080000000, 0x0000000100000000)
  region size 1024K, 3 young (3072K), 3 survivors (3072K)
 Metaspace       used 50807K, committed 52480K, reserved 1114112K
  class space    used 7076K, committed 7872K, reserved 1048576K
}
Event: 14.524 GC heap before
{Heap before GC invocations=15 (full 0):
 garbage-first heap   total 92160K, used 82576K [0x0000000080000000, 0x0000000100000000)
  region size 1024K, 39 young (39936K), 3 survivors (3072K)
 Metaspace       used 55350K, committed 57152K, reserved 1114112K
  class space    used 7775K, committed 8704K, reserved 1048576K
}
Event: 14.532 GC heap after
{Heap after GC invocations=16 (full 0):
 garbage-first heap   total 92160K, used 47966K [0x0000000080000000, 0x0000000100000000)
  region size 1024K, 4 young (4096K), 4 survivors (4096K)
 Metaspace       used 55350K, committed 57152K, reserved 1114112K
  class space    used 7775K, committed 8704K, reserved 1048576K
}
Event: 15.837 GC heap before
{Heap before GC invocations=16 (full 0):
 garbage-first heap   total 92160K, used 81758K [0x0000000080000000, 0x0000000100000000)
  region size 1024K, 37 young (37888K), 4 survivors (4096K)
 Metaspace       used 60164K, committed 62080K, reserved 1114112K
  class space    used 8461K, committed 9408K, reserved 1048576K
}
Event: 15.845 GC heap after
{Heap after GC invocations=17 (full 0):
 garbage-first heap   total 110592K, used 49316K [0x0000000080000000, 0x0000000100000000)
  region size 1024K, 5 young (5120K), 5 survivors (5120K)
 Metaspace       used 60164K, committed 62080K, reserved 1114112K
  class space    used 8461K, committed 9408K, reserved 1048576K
}

