# JRE version: Java(TM) SE Runtime Environment (21.0.7+8) (build 21.0.7+8-LTS-245)
# Java VM: Java HotSpot(TM) 64-Bit Server VM (21.0.7+8-LTS-245, mixed mode, sharing, tiered, compressed oops, compressed class ptrs, g1 gc, windows-amd64)
GC Precious Log:
 CardTable entry size: 512
 Card Set container configuration: InlinePtr #cards 5 size 8 Array Of Cards #cards 12 size 40 Howl #buckets 4 coarsen threshold 1843 Howl Bitmap #cards 512 size 80 coarsen threshold 460 Card regions per heap region 1 cards per card region 2048
 CPUs: 4 total, 4 available
 Memory: 8105M
 Large Page Support: Disabled
 NUMA Support: Disabled
 Compressed Oops: Enabled (32-bit)
 Heap Region Size: 1M
 Heap Min Capacity: 8M
 Heap Initial Capacity: 128M
 Heap Max Capacity: 2G
 Pre-touch: Disabled
 Parallel Workers: 4
 Concurrent Workers: 1
 Concurrent Refinement Workers: 4
 Periodic GC: Disabled
Heap:
 garbage-first heap   total 352256K, used 223737K [0x0000000080000000, 0x0000000100000000)
  region size 1024K, 46 young (47104K), 3 survivors (3072K)
 Metaspace       used 124872K, committed 127424K, reserved 1179648K
  class space    used 16388K, committed 17664K, reserved 1048576K
GC Heap History (20 events):
Event: 83.220 GC heap before
{Heap before GC invocations=57 (full 0):
 garbage-first heap   total 240640K, used 199680K [0x0000000080000000, 0x0000000100000000)
  region size 1024K, 69 young (70656K), 7 survivors (7168K)
 Metaspace       used 115415K, committed 117952K, reserved 1179648K
  class space    used 15454K, committed 16704K, reserved 1048576K
}
Event: 83.236 GC heap after
{Heap after GC invocations=58 (full 0):
 garbage-first heap   total 240640K, used 138882K [0x0000000080000000, 0x0000000100000000)
  region size 1024K, 5 young (5120K), 5 survivors (5120K)
 Metaspace       used 115415K, committed 117952K, reserved 1179648K
  class space    used 15454K, committed 16704K, reserved 1048576K
}
Event: 88.105 GC heap before
{Heap before GC invocations=58 (full 0):
 garbage-first heap   total 240640K, used 204418K [0x0000000080000000, 0x0000000100000000)
  region size 1024K, 69 young (70656K), 5 survivors (5120K)
 Metaspace       used 116409K, committed 118848K, reserved 1179648K
  class space    used 15618K, committed 16832K, reserved 1048576K
}
Event: 88.114 GC heap after
{Heap after GC invocations=59 (full 0):
 garbage-first heap   total 240640K, used 141243K [0x0000000080000000, 0x0000000100000000)
  region size 1024K, 7 young (7168K), 7 survivors (7168K)
 Metaspace       used 116409K, committed 118848K, reserved 1179648K
  class space    used 15618K, committed 16832K, reserved 1048576K
}
Event: 92.351 GC heap before
{Heap before GC invocations=60 (full 0):
 garbage-first heap   total 249856K, used 207803K [0x0000000080000000, 0x0000000100000000)
  region size 1024K, 73 young (74752K), 7 survivors (7168K)
 Metaspace       used 117826K, committed 120384K, reserved 1179648K
  class space    used 15750K, committed 17024K, reserved 1048576K
}
Event: 92.373 GC heap after
{Heap after GC invocations=61 (full 0):
 garbage-first heap   total 249856K, used 154615K [0x0000000080000000, 0x0000000100000000)
  region size 1024K, 10 young (10240K), 10 survivors (10240K)
 Metaspace       used 117826K, committed 120384K, reserved 1179648K
  class space    used 15750K, committed 17024K, reserved 1048576K
}
Event: 93.898 GC heap before
{Heap before GC invocations=61 (full 0):
 garbage-first heap   total 249856K, used 225271K [0x0000000080000000, 0x0000000100000000)
  region size 1024K, 71 young (72704K), 10 survivors (10240K)
 Metaspace       used 118219K, committed 120832K, reserved 1179648K
  class space    used 15782K, committed 17088K, reserved 1048576K
}
Event: 93.944 GC heap after
{Heap after GC invocations=62 (full 0):
 garbage-first heap   total 265216K, used 180224K [0x0000000080000000, 0x0000000100000000)
  region size 1024K, 9 young (9216K), 9 survivors (9216K)
 Metaspace       used 118219K, committed 120832K, reserved 1179648K
  class space    used 15782K, committed 17088K, reserved 1048576K
}
Event: 93.955 GC heap before
{Heap before GC invocations=62 (full 0):
 garbage-first heap   total 265216K, used 180224K [0x0000000080000000, 0x0000000100000000)
  region size 1024K, 10 young (10240K), 9 survivors (9216K)
 Metaspace       used 118219K, committed 120832K, reserved 1179648K
  class space    used 15782K, committed 17088K, reserved 1048576K
}
Event: 93.967 GC heap after
{Heap after GC invocations=63 (full 0):
 garbage-first heap   total 265216K, used 183703K [0x0000000080000000, 0x0000000100000000)
  region size 1024K, 2 young (2048K), 2 survivors (2048K)
 Metaspace       used 118219K, committed 120832K, reserved 1179648K
  class space    used 15782K, committed 17088K, reserved 1048576K
}
Event: 96.034 GC heap before
{Heap before GC invocations=64 (full 0):
 garbage-first heap   total 321536K, used 230807K [0x0000000080000000, 0x0000000100000000)
  region size 1024K, 41 young (41984K), 2 survivors (2048K)
 Metaspace       used 118396K, committed 120960K, reserved 1179648K
  class space    used 15794K, committed 17088K, reserved 1048576K
}
Event: 96.049 GC heap after
{Heap after GC invocations=65 (full 0):
 garbage-first heap   total 321536K, used 190976K [0x0000000080000000, 0x0000000100000000)
  region size 1024K, 6 young (6144K), 6 survivors (6144K)
 Metaspace       used 118396K, committed 120960K, reserved 1179648K
  class space    used 15794K, committed 17088K, reserved 1048576K
}
Event: 96.900 GC heap before
{Heap before GC invocations=65 (full 0):
 garbage-first heap   total 321536K, used 287232K [0x0000000080000000, 0x0000000100000000)
  region size 1024K, 74 young (75776K), 6 survivors (6144K)
 Metaspace       used 118750K, committed 121280K, reserved 1179648K
  class space    used 15821K, committed 17088K, reserved 1048576K
}
Event: 96.918 GC heap after
{Heap after GC invocations=66 (full 0):
 garbage-first heap   total 321536K, used 197274K [0x0000000080000000, 0x0000000100000000)
  region size 1024K, 8 young (8192K), 8 survivors (8192K)
 Metaspace       used 118750K, committed 121280K, reserved 1179648K
  class space    used 15821K, committed 17088K, reserved 1048576K
}
Event: 98.592 GC heap before
{Heap before GC invocations=66 (full 0):
 garbage-first heap   total 321536K, used 267930K [0x0000000080000000, 0x0000000100000000)
  region size 1024K, 78 young (79872K), 8 survivors (8192K)
 Metaspace       used 122015K, committed 124608K, reserved 1179648K
  class space    used 16110K, committed 17408K, reserved 1048576K
}
Event: 98.609 GC heap after
{Heap after GC invocations=67 (full 0):
 garbage-first heap   total 321536K, used 207570K [0x0000000080000000, 0x0000000100000000)
  region size 1024K, 10 young (10240K), 10 survivors (10240K)
 Metaspace       used 122015K, committed 124608K, reserved 1179648K
  class space    used 16110K, committed 17408K, reserved 1048576K
}
Event: 100.535 GC heap before
{Heap before GC invocations=68 (full 0):
 garbage-first heap   total 352256K, used 274130K [0x0000000080000000, 0x0000000100000000)
  region size 1024K, 77 young (78848K), 10 survivors (10240K)
 Metaspace       used 122344K, committed 124864K, reserved 1179648K
  class space    used 16141K, committed 17408K, reserved 1048576K
}
Event: 100.543 GC heap after
{Heap after GC invocations=69 (full 0):
 garbage-first heap   total 352256K, used 202246K [0x0000000080000000, 0x0000000100000000)
  region size 1024K, 2 young (2048K), 2 survivors (2048K)
 Metaspace       used 122344K, committed 124864K, reserved 1179648K
  class space    used 16141K, committed 17408K, reserved 1048576K
}
Event: 103.138 GC heap before
{Heap before GC invocations=69 (full 0):
 garbage-first heap   total 352256K, used 302598K [0x0000000080000000, 0x0000000100000000)
  region size 1024K, 99 young (101376K), 2 survivors (2048K)
 Metaspace       used 123845K, committed 126336K, reserved 1179648K
  class space    used 16272K, committed 17536K, reserved 1048576K
}
Event: 103.144 GC heap after
{Heap after GC invocations=70 (full 0):
 garbage-first heap   total 352256K, used 181753K [0x0000000080000000, 0x0000000100000000)
  region size 1024K, 3 young (3072K), 3 survivors (3072K)
 Metaspace       used 123845K, committed 126336K, reserved 1179648K
  class space    used 16272K, committed 17536K, reserved 1048576K
}

