# JRE version: Java(TM) SE Runtime Environment (21.0.7+8) (build 21.0.7+8-LTS-245)
# Java VM: Java HotSpot(TM) 64-Bit Server VM (21.0.7+8-LTS-245, mixed mode, sharing, tiered, compressed oops, compressed class ptrs, g1 gc, windows-amd64)
GC Precious Log:
 CardTable entry size: 512
 Card Set container configuration: InlinePtr #cards 5 size 8 Array Of Cards #cards 12 size 40 Howl #buckets 4 coarsen threshold 1843 Howl Bitmap #cards 512 size 80 coarsen threshold 460 Card regions per heap region 1 cards per card region 2048
 CPUs: 4 total, 4 available
 Memory: 8105M
 Large Page Support: Disabled
 NUMA Support: Disabled
 Compressed Oops: Enabled (32-bit)
 Heap Region Size: 1M
 Heap Min Capacity: 8M
 Heap Initial Capacity: 128M
 Heap Max Capacity: 2G
 Pre-touch: Disabled
 Parallel Workers: 4
 Concurrent Workers: 1
 Concurrent Refinement Workers: 4
 Periodic GC: Disabled
Heap:
 garbage-first heap   total 326656K, used 289337K [0x0000000080000000, 0x0000000100000000)
  region size 1024K, 57 young (58368K), 10 survivors (10240K)
 Metaspace       used 114821K, committed 117376K, reserved 1179648K
  class space    used 15586K, committed 16896K, reserved 1048576K
GC Heap History (20 events):
Event: 46.623 GC heap before
{Heap before GC invocations=43 (full 0):
 garbage-first heap   total 186368K, used 161890K [0x0000000080000000, 0x0000000100000000)
  region size 1024K, 63 young (64512K), 8 survivors (8192K)
 Metaspace       used 102907K, committed 105408K, reserved 1179648K
  class space    used 14181K, committed 15424K, reserved 1048576K
}
Event: 46.639 GC heap after
{Heap after GC invocations=44 (full 0):
 garbage-first heap   total 186368K, used 110516K [0x0000000080000000, 0x0000000100000000)
  region size 1024K, 8 young (8192K), 8 survivors (8192K)
 Metaspace       used 102907K, committed 105408K, reserved 1179648K
  class space    used 14181K, committed 15424K, reserved 1048576K
}
Event: 47.513 GC heap before
{Heap before GC invocations=44 (full 0):
 garbage-first heap   total 186368K, used 166836K [0x0000000080000000, 0x0000000100000000)
  region size 1024K, 64 young (65536K), 8 survivors (8192K)
 Metaspace       used 103997K, committed 106432K, reserved 1179648K
  class space    used 14244K, committed 15424K, reserved 1048576K
}
Event: 47.544 GC heap after
{Heap after GC invocations=45 (full 0):
 garbage-first heap   total 190464K, used 121344K [0x0000000080000000, 0x0000000100000000)
  region size 1024K, 8 young (8192K), 8 survivors (8192K)
 Metaspace       used 103997K, committed 106432K, reserved 1179648K
  class space    used 14244K, committed 15424K, reserved 1048576K
}
Event: 47.817 GC heap before
{Heap before GC invocations=45 (full 0):
 garbage-first heap   total 190464K, used 125440K [0x0000000080000000, 0x0000000100000000)
  region size 1024K, 13 young (13312K), 8 survivors (8192K)
 Metaspace       used 104348K, committed 106816K, reserved 1179648K
  class space    used 14275K, committed 15488K, reserved 1048576K
}
Event: 47.826 GC heap after
{Heap after GC invocations=46 (full 0):
 garbage-first heap   total 190464K, used 123875K [0x0000000080000000, 0x0000000100000000)
  region size 1024K, 2 young (2048K), 2 survivors (2048K)
 Metaspace       used 104348K, committed 106816K, reserved 1179648K
  class space    used 14275K, committed 15488K, reserved 1048576K
}
Event: 49.393 GC heap before
{Heap before GC invocations=47 (full 0):
 garbage-first heap   total 227328K, used 172003K [0x0000000080000000, 0x0000000100000000)
  region size 1024K, 45 young (46080K), 2 survivors (2048K)
 Metaspace       used 107506K, committed 109952K, reserved 1179648K
  class space    used 14610K, committed 15808K, reserved 1048576K
}
Event: 49.403 GC heap after
{Heap after GC invocations=48 (full 0):
 garbage-first heap   total 227328K, used 129435K [0x0000000080000000, 0x0000000100000000)
  region size 1024K, 6 young (6144K), 6 survivors (6144K)
 Metaspace       used 107506K, committed 109952K, reserved 1179648K
  class space    used 14610K, committed 15808K, reserved 1048576K
}
Event: 50.116 GC heap before
{Heap before GC invocations=48 (full 0):
 garbage-first heap   total 227328K, used 194971K [0x0000000080000000, 0x0000000100000000)
  region size 1024K, 71 young (72704K), 6 survivors (6144K)
 Metaspace       used 107520K, committed 109952K, reserved 1179648K
  class space    used 14610K, committed 15808K, reserved 1048576K
}
Event: 50.133 GC heap after
{Heap after GC invocations=49 (full 0):
 garbage-first heap   total 227328K, used 132112K [0x0000000080000000, 0x0000000100000000)
  region size 1024K, 5 young (5120K), 5 survivors (5120K)
 Metaspace       used 107520K, committed 109952K, reserved 1179648K
  class space    used 14610K, committed 15808K, reserved 1048576K
}
Event: 52.731 GC heap before
{Heap before GC invocations=49 (full 0):
 garbage-first heap   total 227328K, used 198672K [0x0000000080000000, 0x0000000100000000)
  region size 1024K, 71 young (72704K), 5 survivors (5120K)
 Metaspace       used 108121K, committed 110592K, reserved 1179648K
  class space    used 14714K, committed 15936K, reserved 1048576K
}
Event: 52.742 GC heap after
{Heap after GC invocations=50 (full 0):
 garbage-first heap   total 227328K, used 135695K [0x0000000080000000, 0x0000000100000000)
  region size 1024K, 8 young (8192K), 8 survivors (8192K)
 Metaspace       used 108121K, committed 110592K, reserved 1179648K
  class space    used 14714K, committed 15936K, reserved 1048576K
}
Event: 55.037 GC heap before
{Heap before GC invocations=51 (full 0):
 garbage-first heap   total 234496K, used 202255K [0x0000000080000000, 0x0000000100000000)
  region size 1024K, 74 young (75776K), 8 survivors (8192K)
 Metaspace       used 109121K, committed 111680K, reserved 1179648K
  class space    used 14837K, committed 16128K, reserved 1048576K
}
Event: 55.051 GC heap after
{Heap after GC invocations=52 (full 0):
 garbage-first heap   total 234496K, used 137744K [0x0000000080000000, 0x0000000100000000)
  region size 1024K, 5 young (5120K), 5 survivors (5120K)
 Metaspace       used 109121K, committed 111680K, reserved 1179648K
  class space    used 14837K, committed 16128K, reserved 1048576K
}
Event: 56.322 GC heap before
{Heap before GC invocations=52 (full 0):
 garbage-first heap   total 234496K, used 210448K [0x0000000080000000, 0x0000000100000000)
  region size 1024K, 76 young (77824K), 5 survivors (5120K)
 Metaspace       used 110111K, committed 112704K, reserved 1179648K
  class space    used 14946K, committed 16256K, reserved 1048576K
}
Event: 56.335 GC heap after
{Heap after GC invocations=53 (full 0):
 garbage-first heap   total 234496K, used 139951K [0x0000000080000000, 0x0000000100000000)
  region size 1024K, 9 young (9216K), 9 survivors (9216K)
 Metaspace       used 110111K, committed 112704K, reserved 1179648K
  class space    used 14946K, committed 16256K, reserved 1048576K
}
Event: 57.148 GC heap before
{Heap before GC invocations=53 (full 0):
 garbage-first heap   total 234496K, used 190127K [0x0000000080000000, 0x0000000100000000)
  region size 1024K, 60 young (61440K), 9 survivors (9216K)
 Metaspace       used 110521K, committed 113024K, reserved 1179648K
  class space    used 14992K, committed 16256K, reserved 1048576K
}
Event: 57.161 GC heap after
{Heap after GC invocations=54 (full 0):
 garbage-first heap   total 234496K, used 141961K [0x0000000080000000, 0x0000000100000000)
  region size 1024K, 4 young (4096K), 4 survivors (4096K)
 Metaspace       used 110521K, committed 113024K, reserved 1179648K
  class space    used 14992K, committed 16256K, reserved 1048576K
}
Event: 58.513 GC heap before
{Heap before GC invocations=55 (full 0):
 garbage-first heap   total 309248K, used 307849K [0x0000000080000000, 0x0000000100000000)
  region size 1024K, 58 young (59392K), 4 survivors (4096K)
 Metaspace       used 114484K, committed 116992K, reserved 1179648K
  class space    used 15543K, committed 16832K, reserved 1048576K
}
Event: 58.526 GC heap after
{Heap after GC invocations=56 (full 0):
 garbage-first heap   total 326656K, used 220729K [0x0000000080000000, 0x0000000100000000)
  region size 1024K, 10 young (10240K), 10 survivors (10240K)
 Metaspace       used 114484K, committed 116992K, reserved 1179648K
  class space    used 15543K, committed 16832K, reserved 1048576K
}

